Using pre-set license
Built from '2020.3/staging' branch; Version is '2020.3.0f1 (c7b5465681fb) revision 13088070'; Using compiler version '192528614'; Build Type 'Release'
OS: 'Windows 10 Home Single Language; OS build 19041.867; Version 2004; 64bit' Language: 'tr' Physical Memory: 16282 MB
BatchMode: 1, IsHumanControllingUs: 0, StartBugReporterOnCrash: 0, Is64bit: 1, IsPro: 0

 COMMAND LINE ARGUMENTS:
C:\Program Files\Unity\Hub\Editor\2020.3.0f1\Editor\Unity.exe
-adb2
-batchMode
-noUpm
-name
AssetImportWorker0
-projectPath
C:/Users/Phera/Documents/GitHub/FENG497
-logFile
Logs/AssetImportWorker0.log
-srvPort
62348
Successfully changed project path to: C:/Users/Phera/Documents/GitHub/FENG497
C:/Users/Phera/Documents/GitHub/FENG497
Using Asset Import Pipeline V2.
Refreshing native plugins compatible for Editor in 54.89 ms, found 0 plugins.
Preloading 0 native plugins for Editor in 0.00 ms.
Initialize engine version: 2020.3.0f1 (c7b5465681fb)
[Subsystems] Discovering subsystems at path C:/Program Files/Unity/Hub/Editor/2020.3.0f1/Editor/Data/Resources/UnitySubsystems
[Subsystems] Discovering subsystems at path C:/Users/Phera/Documents/GitHub/FENG497/Assets
GfxDevice: creating device client; threaded=0
Direct3D:
    Version:  Direct3D 11.0 [level 11.0]
    Renderer: NVIDIA GeForce GTX 960M (ID=0x139b)
    Vendor:   
    VRAM:     4055 MB
    Driver:   27.21.14.6192
Initialize mono
Mono path[0] = 'C:/Program Files/Unity/Hub/Editor/2020.3.0f1/Editor/Data/Managed'
Mono path[1] = 'C:/Program Files/Unity/Hub/Editor/2020.3.0f1/Editor/Data/MonoBleedingEdge/lib/mono/unityjit'
Mono config path = 'C:/Program Files/Unity/Hub/Editor/2020.3.0f1/Editor/Data/MonoBleedingEdge/etc'
Using monoOptions --debugger-agent=transport=dt_socket,embedding=1,server=y,suspend=n,address=127.0.0.1:56544
Begin MonoManager ReloadAssembly
Registering precompiled unity dll's ...
Register platform support module: C:/Program Files/Unity/Hub/Editor/2020.3.0f1/Editor/Data/PlaybackEngines/WebGLSupport/UnityEditor.WebGL.Extensions.dll
Register platform support module: C:/Program Files/Unity/Hub/Editor/2020.3.0f1/Editor/Data/PlaybackEngines/WindowsStandaloneSupport/UnityEditor.WindowsStandalone.Extensions.dll
Registered in 0.005051 seconds.
Native extension for WindowsStandalone target not found
Native extension for WebGL target not found
Refreshing native plugins compatible for Editor in 54.88 ms, found 0 plugins.
Preloading 0 native plugins for Editor in 0.00 ms.
Invoked RoslynAnalysisRunner static constructor.
RoslynAnalysisRunner will not be running.
RoslynAnalysisRunner has terminated.
Mono: successfully reloaded assembly
- Completed reload, in  1.975 seconds
Platform modules already initialized, skipping
Registering precompiled user dll's ...
Registered in 0.001224 seconds.
Begin MonoManager ReloadAssembly
Native extension for WindowsStandalone target not found
Native extension for WebGL target not found
Refreshing native plugins compatible for Editor in 0.45 ms, found 0 plugins.
Preloading 0 native plugins for Editor in 0.00 ms.
Invoked RoslynAnalysisRunner static constructor.
RoslynAnalysisRunner will not be running.
RoslynAnalysisRunner has terminated.
Mono: successfully reloaded assembly
- Completed reload, in  1.287 seconds
Platform modules already initialized, skipping
========================================================================
Worker process is ready to serve import requests
Launched and connected shader compiler UnityShaderCompiler.exe after 0.09 seconds
Refreshing native plugins compatible for Editor in 0.35 ms, found 0 plugins.
Preloading 0 native plugins for Editor in 0.00 ms.
Unloading 1259 Unused Serialized files (Serialized files now loaded: 0)
System memory in use before: 77.4 MB.
System memory in use after: 77.1 MB.

Unloading 11 unused Assets to reduce memory usage. Loaded Objects now: 1713.
Total: 2.990000 ms (FindLiveObjects: 0.186300 ms CreateObjectMapping: 0.062000 ms MarkObjects: 2.300400 ms  DeleteObjects: 0.440000 ms)

========================================================================
Received Import Request.
  path: Assets/Scripts/Düş_Aşağı.cs
  artifactKey: Guid(f4b6c2b1dda39f548979be98bdcab7f0) Importer(815301076,1909f56bfc062723c751e8b465ee728b)
Start importing Assets/Scripts/Düş_Aşağı.cs using Guid(f4b6c2b1dda39f548979be98bdcab7f0) Importer(815301076,1909f56bfc062723c751e8b465ee728b)  -> (artifact id: '8bc9b766b5d61f7f2e19fa0d2d80c9f5') in 0.065633 seconds
  Import took 0.068096 seconds .

========================================================================
Received Import Request.
  Time since last request: 123.717471 seconds.
  path: ProjectSettings/TagManager.asset
  artifactKey: Guid(00000000000000003000000000000000) Importer(815301076,1909f56bfc062723c751e8b465ee728b)
Start importing ProjectSettings/TagManager.asset using Guid(00000000000000003000000000000000) Importer(815301076,1909f56bfc062723c751e8b465ee728b)  -> (artifact id: '965f5f0bc89c32ddc0174935972de823') in 0.037006 seconds
  Import took 0.041488 seconds .

========================================================================
Received Import Request.
  Time since last request: 549.325741 seconds.
  path: Assets/Scripts/Düş_Aşağı.cs
  artifactKey: Guid(f4b6c2b1dda39f548979be98bdcab7f0) Importer(815301076,1909f56bfc062723c751e8b465ee728b)
Start importing Assets/Scripts/Düş_Aşağı.cs using Guid(f4b6c2b1dda39f548979be98bdcab7f0) Importer(815301076,1909f56bfc062723c751e8b465ee728b)  -> (artifact id: 'e22c13042f2f8af9ae128035423d9e27') in 0.007791 seconds
  Import took 0.012239 seconds .

========================================================================
Received Import Request.
  Time since last request: 0.000815 seconds.
  path: Assets/Scripts/Düş_Aşağı.cs
  artifactKey: Guid(f4b6c2b1dda39f548979be98bdcab7f0) Importer(815301076,1909f56bfc062723c751e8b465ee728b)
Start importing Assets/Scripts/Düş_Aşağı.cs using Guid(f4b6c2b1dda39f548979be98bdcab7f0) Importer(815301076,1909f56bfc062723c751e8b465ee728b)  -> (artifact id: 'e22c13042f2f8af9ae128035423d9e27') in 0.008338 seconds
  Import took 0.011276 seconds .

========================================================================
Received Import Request.
  Time since last request: 83.697059 seconds.
  path: Assets/Scripts/DRop.cs
  artifactKey: Guid(1fd7b9916d4ed274b9407b7334ac6b52) Importer(815301076,1909f56bfc062723c751e8b465ee728b)
Start importing Assets/Scripts/DRop.cs using Guid(1fd7b9916d4ed274b9407b7334ac6b52) Importer(815301076,1909f56bfc062723c751e8b465ee728b)  -> (artifact id: 'b066b46e98828060002bb32a8b1fd41e') in 0.012171 seconds
  Import took 0.018750 seconds .

========================================================================
Received Prepare
Registering precompiled user dll's ...
Registered in 0.001486 seconds.
Begin MonoManager ReloadAssembly
Native extension for WindowsStandalone target not found
Native extension for WebGL target not found
Refreshing native plugins compatible for Editor in 0.33 ms, found 0 plugins.
Preloading 0 native plugins for Editor in 0.00 ms.
Invoked RoslynAnalysisRunner static constructor.
RoslynAnalysisRunner will not be running.
RoslynAnalysisRunner has terminated.
Mono: successfully reloaded assembly
- Completed reload, in  1.415 seconds
Platform modules already initialized, skipping
Refreshing native plugins compatible for Editor in 0.38 ms, found 0 plugins.
Preloading 0 native plugins for Editor in 0.00 ms.
Unloading 1229 Unused Serialized files (Serialized files now loaded: 0)
System memory in use before: 75.3 MB.
System memory in use after: 75.1 MB.

Unloading 8 unused Assets to reduce memory usage. Loaded Objects now: 1716.
Total: 2.537300 ms (FindLiveObjects: 0.237500 ms CreateObjectMapping: 0.073500 ms MarkObjects: 1.849500 ms  DeleteObjects: 0.375000 ms)

========================================================================
Received Import Request.
  Time since last request: 94.737635 seconds.
  path: Assets/Scripts/New Folder
  artifactKey: Guid(a426dfed517d6fc4b87e86df1f5386f9) Importer(815301076,1909f56bfc062723c751e8b465ee728b)
Start importing Assets/Scripts/New Folder using Guid(a426dfed517d6fc4b87e86df1f5386f9) Importer(815301076,1909f56bfc062723c751e8b465ee728b)  -> (artifact id: '344a3706e2ace70d19d0f08541703b30') in 0.015133 seconds
  Import took 0.021329 seconds .

AssetImportWorkerClient::OnTransportError - code=2 error=End of file
